<?xml version="1.0" encoding="UTF-8"?>
<!-- Generated by org.testng.reporters.JUnitXMLReporter -->
<testsuite ignored="0" hostname="WINCTRL-DBGLLAU" failures="2" tests="6" name="Test" time="112.815" errors="0" timestamp="17 Sep 2021 06:36:10 GMT">
  <testcase classname="practise.TC_09_CreateContactTest" name="creatContactWithOrganizatio" time="11.301">
    <skipped/>
  </testcase> <!-- creatContactWithOrganizatio -->
  <testcase classname="practise.TC_09_CreateContactTest" name="creatContactWithOrganizatio" time="9.817">
    <skipped/>
  </testcase> <!-- creatContactWithOrganizatio -->
  <testcase classname="practise.TC_09_CreateContactTest" name="creatContactWithOrganizatio" time="9.154">
    <failure type="java.lang.AssertionError" message="expected [true] but found [false]">
      <![CDATA[java.lang.AssertionError: expected [true] but found [false]
at practise.TC_09_CreateContactTest.creatContactWithOrganizatio(TC_09_CreateContactTest.java:41)
... Removed 31 stack frames]]>
    </failure>
  </testcase> <!-- creatContactWithOrganizatio -->
  <testcase classname="practise.TC_09_CreateContactTest" name="editContact" time="16.093">
    <skipped/>
  </testcase> <!-- editContact -->
  <testcase classname="practise.TC_09_CreateContactTest" name="editContact" time="16.169">
    <skipped/>
  </testcase> <!-- editContact -->
  <testcase classname="practise.TC_09_CreateContactTest" name="editContact" time="15.392">
    <failure type="java.lang.AssertionError" message="expected [true] but found [false]">
      <![CDATA[java.lang.AssertionError: expected [true] but found [false]
at practise.TC_09_CreateContactTest.editContact(TC_09_CreateContactTest.java:67)
... Removed 31 stack frames]]>
    </failure>
  </testcase> <!-- editContact -->
</testsuite> <!-- Test -->
